   1              		.code	16
   2              		.file	"main.c"
  10              	.Ltext0:
  11              		.align	2
  12              		.global	digitalWrite
  13              		.code 16
  14              		.thumb_func
  16              	digitalWrite:
  17              	.LFB3:
  18              		.file 1 "Src/main.c"
   1:Src/main.c    **** //Main c source code
   2:Src/main.c    **** 
   3:Src/main.c    **** #include <stdafx.h>
   4:Src/main.c    **** #include <string.h>
   5:Src/main.c    **** 
   6:Src/main.c    **** static char chPinStateLow[] = "pin state low\n";
   7:Src/main.c    **** static char chPinStatehigh[] = "pin state High\n";
   8:Src/main.c    **** int main(){	
   9:Src/main.c    **** 	
  10:Src/main.c    **** 	DWORD counter = 0;	
  11:Src/main.c    **** 	timer_counter = counter;
  12:Src/main.c    **** 	
  13:Src/main.c    **** 	init_VIC();				//initiate vector interrupted control regs.
  14:Src/main.c    **** 	init_timer();			// init timers for delays.
  15:Src/main.c    **** 	
  16:Src/main.c    **** 	UARTInit( 9600 );		//init uart with 9600 baud rate.
  17:Src/main.c    **** 		
  18:Src/main.c    **** 	/* Initialize timer for GPIO toggling timing */
  19:Src/main.c    **** 	enable_timer( 0 );
  20:Src/main.c    **** 	
  21:Src/main.c    **** 	//set gpios direction
  22:Src/main.c    **** 	IODIR0 |= (1 << 8 );	// set p0.8 pin as output.	
  23:Src/main.c    **** 	IOSET0 |= ( 1 << 8 );	//set p0.8 pin as high. 3.3v
  24:Src/main.c    **** 	
  25:Src/main.c    **** 	while( 1 ){
  26:Src/main.c    **** 		
  27:Src/main.c    **** 		while( !((timer_counter - counter) == 1) );
  28:Src/main.c    **** 		pinState = !pinState;
  29:Src/main.c    **** 		digitalWrite( pinState );
  30:Src/main.c    **** 		counter = timer_counter;
  31:Src/main.c    **** 		printPinState( pinState );
  32:Src/main.c    **** 		
  33:Src/main.c    **** 	}
  34:Src/main.c    **** 	return 0;
  35:Src/main.c    **** }
  36:Src/main.c    **** 
  37:Src/main.c    **** int digitalWrite( DWORD state ){
  19              	:
  20              		@ lr needed for prologue
  21              		.loc 1 38 0
  38:Src/main.c    **** 	switch( state ){
  22              	p	r0, #0
  23 0000 0028     		beq	.L3
  24 0002 02D0     		cmp	r0, #1
  25 0004 0128     		bne	.L2
  26 0006 08D1     		b	.L4
  27 0008 01E0     	.L3:
  28              		.loc 1 40 0
  39:Src/main.c    **** 		case 0:
  40:Src/main.c    **** 			IOCLR0 |= ( 1<< 8 );
  29              	, .L7
  30 000a 0549     		b	.L6
  31 000c 00E0     	.L4:
  32              		.loc 1 43 0
  41:Src/main.c    **** 		break;
  42:Src/main.c    **** 		case 1:
  43:Src/main.c    **** 			IOSET0 |= ( 1 << 8 );
  33              		r1, .L7+4
  34 000e 0549     	.L6:
  35              		ldr	r2, [r1]
  36 0010 0A68     		mov	r3, #128
  37 0012 8023     		lsl	r3, r3, #1
  38 0014 5B00     		orr	r2, r2, r3
  39 0016 1A43     		str	r2, [r1]
  40 0018 0A60     	.L2:
  41              		.loc 1 47 0
  44:Src/main.c    **** 		break;
  45:Src/main.c    **** 	}
  46:Src/main.c    **** 	return 0;
  47:Src/main.c    **** }
  42              	#0
  43 001a 0020     	.LVL1:
  44              		@ sp needed for prologue
  45              		bx	lr
  46 001c 7047     	.L8:
  47              		.align	2
  48 001e 0000     	.L7:
  49              		.word	-536707060
  50 0020 0C8002E0 		.word	-536707068
  51 0024 048002E0 	.LFE3:
  53              		.align	2
  54              		.global	printPinState
  55              		.code 16
  56              		.thumb_func
  58              	printPinState:
  59              	.LFB4:
  60              		.loc 1 49 0
  48:Src/main.c    **** 
  49:Src/main.c    **** void printPinState( DWORD dState ){
  61              	I0:
  62 0028 10B5     	.LVL2:
  63              		.loc 1 50 0
  64              		cmp	r0, #0
  50:Src/main.c    **** 	switch( dState ){
  65              		.L11
  66 002a 0028     		cmp	r0, #1
  67 002c 02D0     		bne	.L13
  68 002e 0128     		b	.L12
  69 0030 0DD1     	.L11:
  70 0032 04E0     		.loc 1 52 0
  71              		ldr	r4, .L15
  51:Src/main.c    **** 		case 0:
  52:Src/main.c    **** 			UART_DataSend( (BYTE *)chPinStateLow, strlen( chPinStateLow ) );
  72              	, r4
  73 0034 074C     	.LVL3:
  74 0036 201C     		bl	strlen
  75              		b	.L14
  76 0038 FFF7FEFF 	.LVL4:
  77 003c 03E0     	.L12:
  78              		.loc 1 55 0
  79              		ldr	r4, .L15+4
  53:Src/main.c    **** 		break;
  54:Src/main.c    **** 		case 1:
  55:Src/main.c    **** 			UART_DataSend( (BYTE *)chPinStatehigh, strlen( chPinStatehigh ) );
  80              	 r4
  81 003e 064C     	.LVL5:
  82 0040 201C     		bl	strlen
  83              	.L14:
  84 0042 FFF7FEFF 		mov	r1, r0
  85              		mov	r0, r4
  86 0046 011C     		bl	UART_DataSend
  87 0048 201C     	.LVL6:
  88 004a FFF7FEFF 	.L13:
  89              		.loc 1 59 0
  90              		@ sp needed for prologue
  56:Src/main.c    **** 		break;
  57:Src/main.c    **** 	}
  58:Src/main.c    **** 	
  59:Src/main.c    **** }
  91              	pop	{r0}
  92              		bx	r0
  93 004e 10BC     	.L16:
  94 0050 01BC     		.align	2
  95 0052 0047     	.L15:
  96              		.word	chPinStateLow
  97              		.word	chPinStatehigh
  98              	.LFE4:
 100 0058 10000000 		.align	2
 101              		.global	main
 102              		.code 16
 103              		.thumb_func
 105              	main:
 106              	.LFB2:
 107              		.loc 1 8 0
 108              		push	{r4, r5, r6, lr}
 109              	.LCFI1:
 110              		.loc 1 11 0
 111 005c 70B5     		ldr	r2, .L28
 112              		mov	r3, #0
 113              		str	r3, [r2]
 114 005e 164A     		.loc 1 13 0
 115 0060 0023     		bl	init_VIC
 116 0062 1360     		.loc 1 14 0
 117              		bl	init_timer
 118 0064 FFF7FEFF 		.loc 1 16 0
 119              		mov	r0, #150
 120 0068 FFF7FEFF 		lsl	r0, r0, #6
 121              		bl	UARTInit
 122 006c 9620     		.loc 1 19 0
 123 006e 8001     		mov	r0, #0
 124 0070 FFF7FEFF 		bl	enable_timer
 125              		.loc 1 22 0
 126 0074 0020     		ldr	r1, .L28+4
 127 0076 FFF7FEFF 		mov	r2, #128
 128              		ldr	r3, [r1]
 129 007a 1049     		lsl	r2, r2, #1
 130 007c 8022     		orr	r3, r3, r2
 131 007e 0B68     		str	r3, [r1]
 132 0080 5200     		.loc 1 23 0
 133 0082 1343     		sub	r1, r1, #4
 134 0084 0B60     		ldr	r3, [r1]
 135              		orr	r3, r3, r2
 136 0086 0439     		str	r3, [r1]
 137 0088 0B68     		mov	r6, #0
 138 008a 1343     	.LVL7:
 139 008c 0B60     	.L27:
 140 008e 0026     		.loc 1 27 0
 141              		ldr	r5, .L28
 142              		ldr	r3, [r5]
 143              		sub	r3, r3, r6
 144 0090 094D     		cmp	r3, #1
 145 0092 2B68     		bne	.L27
 146 0094 9B1B     		.loc 1 28 0
 147 0096 012B     		ldr	r4, .L28+8
 148 0098 FAD1     		ldr	r3, [r4]
 149              		mov	r0, #0
 150 009a 094C     		cmp	r3, #0
 151 009c 2368     		bne	.L20
 152 009e 0020     		mov	r0, #1
 153 00a0 002B     	.L20:
 154 00a2 00D1     		str	r0, [r4]
 155 00a4 0120     		.loc 1 29 0
 156              		bl	digitalWrite
 157 00a6 2060     		.loc 1 31 0
 158              		ldr	r0, [r4]
 159 00a8 FFF7FEFF 		.loc 1 30 0
 160              		ldr	r6, [r5]
 161 00ac 2068     		.loc 1 31 0
 162              		bl	printPinState
 163 00ae 2E68     		b	.L27
 164              	.L29:
 165 00b0 FFF7FEFF 		.align	2
 166 00b4 ECE7     	.L28:
 167              		.word	timer_counter
 168 00b6 0000     		.word	-536707064
 169              		.word	pinState
 170 00b8 00000000 	.LFE2:
 172 00c0 00000000 		.global	pinState
 173              		.bss
 174              		.align	2
 177              	pinState:
 178              		.space	4
 179              		.data
 180              		.align	2
 183              	chPinStateLow:
 184              		.ascii	"pin state low\012\000"
 185              		.align	2
 188 000f 00       	chPinStatehigh:
 189              		.ascii	"pin state High\012\000"
 190              		.section	.debug_frame,"",%progbits
 191              	.Lframe0:
 192 0010 70696E20 		.4byte	.LECIE0-.LSCIE0
 192      73746174 
 192      65204869 
 192      67680A00 
 256              	.LLST1:
DEFINED SYMBOLS
                            *ABS*:00000000 main.c
C:\Users\ANNIMB~1\AppData\Local\Temp/ccSQaaaa.s:1      .text:00000000 $t
C:\Users\ANNIMB~1\AppData\Local\Temp/ccSQaaaa.s:16     .text:00000000 digitalWrite
C:\Users\ANNIMB~1\AppData\Local\Temp/ccSQaaaa.s:50     .text:00000020 $d
C:\Users\ANNIMB~1\AppData\Local\Temp/ccSQaaaa.s:59     .text:00000028 printPinState
C:\Users\ANNIMB~1\AppData\Local\Temp/ccSQaaaa.s:56     .text:00000028 $t
C:\Users\ANNIMB~1\AppData\Local\Temp/ccSQaaaa.s:99     .text:00000054 $d
C:\Users\ANNIMB~1\AppData\Local\Temp/ccSQaaaa.s:186    .data:00000000 chPinStateLow
C:\Users\ANNIMB~1\AppData\Local\Temp/ccSQaaaa.s:191    .data:00000010 chPinStatehigh
C:\Users\ANNIMB~1\AppData\Local\Temp/ccSQaaaa.s:108    .text:0000005c main
C:\Users\ANNIMB~1\AppData\Local\Temp/ccSQaaaa.s:105    .text:0000005c $t
C:\Users\ANNIMB~1\AppData\Local\Temp/ccSQaaaa.s:170    .text:000000b8 $d
C:\Users\ANNIMB~1\AppData\Local\Temp/ccSQaaaa.s:180    .bss:00000000 pinState

UNDEFINED SYMBOLS
strlen
UART_DataSend
init_VIC
init_timer
UARTInit
enable_timer
timer_counter
